## SLURM PROLOG ###############################################################
##    Job ID : 12636639
##  Job Name : MyMPIJob
##  Nodelist : node[636,647,658,807]
##      CPUs : 32
##   Mem/CPU : 2800 MB
## Directory : /gpfs/scratch/cdunn/pugh_etal_2016/analyses/raxml
##   Started : Wed May 11 16:23:44 EDT 2016
###############################################################################
module: loading 'raxml/8.2.0'

This is RAxML MPI Process Number: 0
IMPORTANT WARNING: Alignment column 278 contains only undetermined values which will be treated as missing data
IMPORTANT WARNING: Alignment column 279 contains only undetermined values which will be treated as missing data
IMPORTANT WARNING: Alignment column 280 contains only undetermined values which will be treated as missing data
IMPORTANT WARNING: Alignment column 281 contains only undetermined values which will be treated as missing data
IMPORTANT WARNING: Alignment column 282 contains only undetermined values which will be treated as missing data
IMPORTANT WARNING: Alignment column 796 contains only undetermined values which will be treated as missing data
IMPORTANT WARNING: Alignment column 855 contains only undetermined values which will be treated as missing data
IMPORTANT WARNING: Alignment column 1084 contains only undetermined values which will be treated as missing data
IMPORTANT WARNING: Alignment column 1085 contains only undetermined values which will be treated as missing data
IMPORTANT WARNING: Alignment column 1502 contains only undetermined values which will be treated as missing data
IMPORTANT WARNING: Alignment column 2340 contains only undetermined values which will be treated as missing data


IMPORTANT WARNING: Sequences Agalma_elegans_Atlantic and Agalma_elegans_Pacific are exactly identical


IMPORTANT WARNING: Sequences Forskalia_edwardsi_Pacific_1 and Forskalia_edwardsi_Pacific_2 are exactly identical

IMPORTANT WARNING
Found 2 sequences that are exactly identical to other sequences in the alignment.
Normally they should be excluded from the analysis.


IMPORTANT WARNING
Found 11 columns that contain only undetermined values which will be treated as missing data.
Normally these columns should be excluded from the analysis.


A mixed model file with model assignments for undetermined
columns removed has already been printed to  file ../../data/partitions.txt.reduced
Just in case you might need it, an alignment file with 
sequence duplicates and undetermined columns removed is printed to file ../../data/combined_stab82.phy.reduced

Alignment has 11 completely undetermined sites that will be automatically removed from the input data



This is RAxML version 8.2.0 released by Alexandros Stamatakis on July 9 2015.

With greatly appreciated code contributions by:
Andre Aberer      (HITS)
Simon Berger      (HITS)
Alexey Kozlov     (HITS)
Kassian Kobert    (HITS)
David Dao         (KIT and HITS)
Nick Pattengale   (Sandia)
Wayne Pfeiffer    (SDSC)
Akifumi S. Tanabe (NRIFS)

Alignment has 847 distinct alignment patterns

Proportion of gaps and completely undetermined characters in this alignment: 11.23%

RAxML rapid bootstrapping and subsequent ML search

Using 2 distinct models/data partitions with joint branch length optimization



Executing 500 rapid bootstrap inferences and thereafter a thorough ML search 

All free model parameters will be estimated by RAxML
GAMMA model of rate heteorgeneity, ML estimate of alpha-parameter

GAMMA Model parameters will be estimated up to an accuracy of 0.1000000000 Log Likelihood units

Partition: 0
Alignment Patterns: 682
Name: 16s
DataType: DNA
Substitution Matrix: GTR



Partition: 1
Alignment Patterns: 165
Name: 18s
DataType: DNA
Substitution Matrix: GTR




RAxML was called as follows:

/gpfs/runtime/opt/raxml/8.2.0/avx/bin/raxmlHPC-MPI -f a -x 12345 -p 12345 -N 500 -m GTRGAMMA -s ../../data/combined_stab82.phy -q ../../data/partitions.txt -n combined_stab82 



Time for BS model parameter optimization on Process 0: 1.653964 seconds
Bootstrap[0]: Time 5.027292 seconds, bootstrap likelihood -19900.583165, best rearrangement setting 13
Bootstrap[1]: Time 2.361523 seconds, bootstrap likelihood -19611.374482, best rearrangement setting 13
Bootstrap[2]: Time 2.388657 seconds, bootstrap likelihood -19967.216711, best rearrangement setting 12
Bootstrap[3]: Time 2.525403 seconds, bootstrap likelihood -20664.140248, best rearrangement setting 15
Bootstrap[4]: Time 2.446972 seconds, bootstrap likelihood -20382.953808, best rearrang
This is RAxML MPI Process Number: 12

Alignment has 11 completely undetermined sites that will be automatically removed from the input data


Time for BS model parameter optimization on Process 12: 1.666687 seconds
Bootstrap[192]: Time 6.075142 seconds, bootstrap likelihood -19964.239833, best rearrangement setting 8
Bootstrap[193]: Time 2.996940 seconds, bootstrap likelihood -20619.771190, best rearrangement setting 7
Bootstrap[194]: Time 2.372819 seconds, bootstrap likelihood -20044.001334, best rearrangement setting 12
Bootstrap[195]: Time 2.423935 seconds, bootstrap likelihood -20665.803554, best rearrangement setting 15
Bootstrap[196]: Time 2.437815 seconds, bootstrap likelihood -20747.857653, best rearrangement setting 10
Bootstrap[197]: Time 2.358322 seconds, bootstrap likelihood -20615.855751, best rearrangement setting 13
Bootstrap[198]: Time 2.266976 seconds, bootstrap likelihood -21207.134623, best rearrangement setting 11
Bootstrap[199]: Time 2.268737 seconds, bootstrap likelihood -20053.140479, best rearrangement setting 7
Bootstrap[200]: Time 2.346576 seconds, bootstrap likelihood -19064.331579, best rearrangement setting 14
Bootstrap[201]: Time 2.368482 seconds, bootstrap likelihood -19390.992065, best rearrangement setting 5
Bootstrap[202]: Time 2.608265 seconds, bootstrap likelihood -20743.590688, best rearrangement setting 8
Bootstrap[203]: Time 2.308512 seconds, bootstrap likelihood -21180.224326, best rearrangement setting 10
Bootstrap[204]: Time 2.292960 seconds, bootstrap likelihood -19859.191130, best rearrangement setting 12
Bootstrap[205]: Time 2.209229 seconds, bootstrap likelihood -20452.598911, best rearrangement setting 8
Bootstrap[206]: Time 2.349790 seconds, bootstrap likelihood -20426.464471, best rearrangement setting 14
Bootstrap[207]: Time 2.320509 seconds, bootstrap likelihood -20224.981700, best rearrangement setting 9
Fast ML search on Process 12: Time 12.557241 seconds

Slow ML Search 192 Likelihood: -20316.042103
Slow ML search on Process 12: Time 19.459427 seconds
Thorough ML search on Process 12: Time 19.027603 seconds

processID = 12, bestLH = -20316.041084

This is RAxML MPI Process Number: 17

Alignment has 11 completely undetermined sites that will be automatically removed from the input data


Time for BS model parameter optimization on Process 17: 1.662014 seconds
Bootstrap[272]: Time 5.522171 seconds, bootstrap likelihood -20827.023493, best rearrangement setting 12
Bootstrap[273]: Time 2.108741 seconds, bootstrap likelihood -19770.344169, best rearrangement setting 9
Bootstrap[274]: Time 2.377352 seconds, bootstrap likelihood -20557.679891, best rearrangement setting 6
Bootstrap[275]: Time 2.144935 seconds, bootstrap likelihood -20019.263663, best rearrangement setting 13
Bootstrap[276]: Time 2.348956 seconds, bootstrap likelihood -19834.680925, best rearrangement setting 13
Bootstrap[277]: Time 2.042967 seconds, bootstrap likelihood -21165.227392, best rearrangement setting 8
Bootstrap[278]: Time 2.279936 seconds, bootstrap likelihood -19465.675588, best rearrangement setting 9
Bootstrap[279]: Time 2.013718 seconds, bootstrap likelihood -20016.041919, best rearrangement setting 15
Bootstrap[280]: Time 2.212012 seconds, bootstrap likelihood -20553.201561, best rearrangement setting 12
Bootstrap[281]: Time 2.288484 seconds, bootstrap likelihood -19594.424412, best rearrangement setting 9
Bootstrap[282]: Time 2.427159 seconds, bootstrap likelihood -19941.115821, best rearrangement setting 11
Bootstrap[283]: Time 2.251272 seconds, bootstrap likelihood -20104.550793, best rearrangement setting 5
Bootstrap[284]: Time 2.254030 seconds, bootstrap likelihood -20555.243458, best rearrangement setting 13
Bootstrap[285]: Time 2.301735 seconds, bootstrap likelihood -20365.148901, best rearrangement setting 7
Bootstrap[286]: Time 2.113078 seconds, bootstrap likelihood -19705.289626, best rearrangement setting 7
Bootstrap[287]: Time 2.515654 seconds, bootstrap likelihood -20568.099890, best rearrangement setting 6
Fast ML search on Process 17: Time 19.465844 seconds

Slow ML Search 272 Likelihood: -20316.019519
Slow ML search on Process 17: Time 19.298534 seconds
Thorough ML search on Process 17: Time 18.839191 seconds

processID = 17, bestLH = -20316.041003

This is RAxML MPI Process Number: 18

Alignment has 11 completely undetermined sites that will be automatically removed from the input data


Time for BS model parameter optimization on Process 18: 1.877001 seconds
Bootstrap[288]: Time 5.473765 seconds, bootstrap likelihood -20487.631792, best rearrangement setting 10
Bootstrap[289]: Time 2.545777 seconds, bootstrap likelihood -20090.364551, best rearrangement setting 9
Bootstrap[290]: Time 2.361730 seconds, bootstrap likelihood -19360.494494, best rearrangement setting 7
Bootstrap[291]: Time 2.194431 seconds, bootstrap likelihood -20680.631672, best rearrangement setting 15
Bootstrap[292]: Time 2.289661 seconds, bootstrap likelihood -20332.362158, best rearrangement setting 9
Bootstrap[293]: Time 2.509949 seconds, bootstrap likelihood -20248.861882, best rearrangement setting 9
Bootstrap[294]: Time 2.230008 seconds, bootstrap likelihood -20444.852007, best rearrangement setting 13
Bootstrap[295]: Time 2.318904 seconds, bootstrap likelihood -19882.781969, best rearrangement setting 9
Bootstrap[296]: Time 2.422039 seconds, bootstrap likelihood -20970.955291, best rearrangement setting 13
Bootstrap[297]: Time 2.330056 seconds, bootstrap likelihood -19699.837057, best rearrangement setting 15
Bootstrap[298]: Time 3.165360 seconds, bootstrap likelihood -20209.002529, best rearrangement setting 14
Bootstrap[299]: Time 2.374079 seconds, bootstrap likelihood -20389.885783, best rearrangement setting 7
Bootstrap[300]: Time 2.544361 seconds, bootstrap likelihood -20748.774017, best rearrangement setting 9
Bootstrap[301]: Time 2.626262 seconds, bootstrap likelihood -21358.365467, best rearrangement setting 8
Bootstrap[302]: Time 2.341255 seconds, bootstrap likelihood -19521.853706, best rearrangement setting 10
Bootstrap[303]: Time 2.318818 seconds, bootstrap likelihood -19681.738433, best rearrangement setting 5
Fast ML search on Process 18: Time 12.762309 seconds

Slow ML Search 288 Likelihood: -20223.758205
Slow ML search on Process 18: Time 22.911538 seconds
Thorough ML search on Process 18: Time 19.592858 seconds

processID = 18, bestLH = -20316.040873

This is RAxML MPI Process Number: 8

Alignment has 11 completely undetermined sites that will be automatically removed from the input data


Time for BS model parameter optimization on Process 8: 1.656178 seconds
Bootstrap[128]: Time 6.073807 seconds, bootstrap likelihood -19705.234975, best rearrangement setting 13
Bootstrap[129]: Time 2.997223 seconds, bootstrap likelihood -20461.852436, best rearrangement setting 5
Bootstrap[130]: Time 2.453964 seconds, bootstrap likelihood -19457.142022, best rearrangement setting 9
Bootstrap[131]: Time 2.679356 seconds, bootstrap likelihood -20553.551855, best rearrangement setting 8
Bootstrap[132]: Time 2.464578 seconds, bootstrap likelihood -20179.261275, best rearrangement setting 14
Bootstrap[133]: Time 2.455076 seconds, bootstrap likelihood -20334.264103, best rearrangement setting 8
Bootstrap[134]: Time 2.335772 seconds, bootstrap likelihood -20730.285134, best rearrangement setting 6
Bootstrap[135]: Time 2.632114 seconds, bootstrap likelihood -20439.430488, best rearrangement setting 6
Bootstrap[136]: Time 2.298214 seconds, bootstrap likelihood -19651.376021, best rearrangement setting 8
Bootstrap[137]: Time 2.310930 seconds, bootstrap likelihood -19657.052024, best rearrangement setting 5
Bootstrap[138]: Time 2.551544 seconds, bootstrap likelihood -20100.280876, best rearrangement setting 8
Bootstrap[139]: Time 2.431950 seconds, bootstrap likelihood -20334.245960, best rearrangement setting 15
Bootstrap[140]: Time 2.512340 seconds, bootstrap likelihood -20326.775453, best rearrangement setting 7
Bootstrap[141]: Time 3.020343 seconds, bootstrap likelihood -20730.738979, best rearrangement setting 11
Bootstrap[142]: Time 2.551248 seconds, bootstrap likelihood -20692.202261, best rearrangement setting 14
Bootstrap[143]: Time 2.550451 seconds, bootstrap likelihood -20333.313744, best rearrangement setting 11
Fast ML search on Process 8: Time 16.199374 seconds

Slow ML Search 128 Likelihood: -20316.040844
Slow ML search on Process 8: Time 15.743893 seconds
Thorough ML search on Process 8: Time 19.136123 seconds

processID = 8, bestLH = -20316.040844

This is RAxML MPI Process Number: 30

Alignment has 11 completely undetermined sites that will be automatically removed from the input data


Time for BS model parameter optimization on Process 30: 2.088239 seconds
Bootstrap[480]: Time 5.984081 seconds, bootstrap likelihood -20769.855001, best rearrangement setting 5
Bootstrap[481]: Time 2.458122 seconds, bootstrap likelihood -20932.326513, best rearrangement setting 14
Bootstrap[482]: Time 2.320219 seconds, bootstrap likelihood -19589.248639, best rearrangement setting 7
Bootstrap[483]: Time 2.369658 seconds, bootstrap likelihood -19577.906242, best rearrangement setting 14
Bootstrap[484]: Time 2.384967 seconds, bootstrap likelihood -20747.113762, best rearrangement setting 9
Bootstrap[485]: Time 2.379226 seconds, bootstrap likelihood -19621.689692, best rearrangement setting 13
Bootstrap[486]: Time 2.120318 seconds, bootstrap likelihood -19824.729985, best rearrangement setting 7
Bootstrap[487]: Time 2.453357 seconds, bootstrap likelihood -20001.142321, best rearrangement setting 13
Bootstrap[488]: Time 2.465960 seconds, bootstrap likelihood -20355.805099, best rearrangement setting 11
Bootstrap[489]: Time 2.384599 seconds, bootstrap likelihood -19967.570540, best rearrangement setting 13
Bootstrap[490]: Time 2.239514 seconds, bootstrap likelihood -20428.751158, best rearrangement setting 15
Bootstrap[491]: Time 2.434158 seconds, bootstrap likelihood -19696.824987, best rearrangement setting 12
Bootstrap[492]: Time 2.522252 seconds, bootstrap likelihood -20073.369675, best rearrangement setting 12
Bootstrap[493]: Time 2.773119 seconds, bootstrap likelihood -19576.655301, best rearrangement setting 10
Bootstrap[494]: Time 2.368436 seconds, bootstrap likelihood -20076.967795, best rearrangement setting 12
Bootstrap[495]: Time 2.307648 seconds, bootstrap likelihood -19694.073791, best rearrangement setting 10
Fast ML search on Process 30: Time 13.135645 seconds

Slow ML Search 480 Likelihood: -20316.040738
Slow ML search on Process 30: Time 16.076313 seconds
Thorough ML search on Process 30: Time 19.185075 seconds

processID = 30, bestLH = -20316.040738

This is RAxML MPI Process Number: 20

Alignment has 11 completely undetermined sites that will be automatically removed from the input data


Time for BS model parameter optimization on Process 20: 1.880004 seconds
Bootstrap[320]: Time 5.284538 seconds, bootstrap likelihood -20518.932461, best rearrangement setting 8
Bootstrap[321]: Time 2.096211 seconds, bootstrap likelihood -20529.453307, best rearrangement setting 10
Bootstrap[322]: Time 2.491157 seconds, bootstrap likelihood -20527.571562, best rearrangement setting 9
Bootstrap[323]: Time 2.252456 seconds, bootstrap likelihood -20295.133106, best rearrangement setting 7
Bootstrap[324]: Time 2.433757 seconds, bootstrap likelihood -20022.920710, best rearrangement setting 13
Bootstrap[325]: Time 2.288320 seconds, bootstrap likelihood -20243.537518, best rearrangement setting 12
Bootstrap[326]: Time 2.225530 seconds, bootstrap likelihood -19756.649806, best rearrangement setting 11
Bootstrap[327]: Time 2.307221 seconds, bootstrap likelihood -19754.892158, best rearrangement setting 10
Bootstrap[328]: Time 2.517402 seconds, bootstrap likelihood -20422.690387, best rearrangement setting 6
Bootstrap[329]: Time 2.266524 seconds, bootstrap likelihood -20018.772181, best rearrangement setting 14
Bootstrap[330]: Time 2.451714 seconds, bootstrap likelihood -20702.114383, best rearrangement setting 9
Bootstrap[331]: Time 2.459934 seconds, bootstrap likelihood -20079.145281, best rearrangement setting 9
Bootstrap[332]: Time 2.296912 seconds, bootstrap likelihood -20186.824955, best rearrangement setting 11
Bootstrap[333]: Time 2.366310 seconds, bootstrap likelihood -20097.061201, best rearrangement setting 12
Bootstrap[334]: Time 2.277790 seconds, bootstrap likelihood -19972.650590, best rearrangement setting 5
Bootstrap[335]: Time 2.890846 seconds, bootstrap likelihood -20441.613722, best rearrangement setting 15
Fast ML search on Process 20: Time 19.925376 seconds

Slow ML Search 320 Likelihood: -20316.040866
Slow ML search on Process 20: Time 15.628988 seconds
Thorough ML search on Process 20: Time 19.450510 seconds

processID = 20, bestLH = -20316.040866

This is RAxML MPI Process Number: 25

Alignment has 11 completely undetermined sites that will be automatically removed from the input data


Time for BS model parameter optimization on Process 25: 1.799765 seconds
Bootstrap[400]: Time 4.957261 seconds, bootstrap likelihood -20603.221437, best rearrangement setting 12
Bootstrap[401]: Time 2.388597 seconds, bootstrap likelihood -19929.711991, best rearrangement setting 12
Bootstrap[402]: Time 2.343134 seconds, bootstrap likelihood -20216.017624, best rearrangement setting 13
Bootstrap[403]: Time 2.569844 seconds, bootstrap likelihood -20324.749947, best rearrangement setting 5
Bootstrap[404]: Time 2.515838 seconds, bootstrap likelihood -20255.621503, best rearrangement setting 5
Bootstrap[405]: Time 2.454792 seconds, bootstrap likelihood -20194.193774, best rearrangement setting 7
Bootstrap[406]: Time 2.347316 seconds, bootstrap likelihood -20329.497900, best rearrangement setting 9
Bootstrap[407]: Time 2.506046 seconds, bootstrap likelihood -21076.436832, best rearrangement setting 6
Bootstrap[408]: Time 2.550506 seconds, bootstrap likelihood -19688.002434, best rearrangement setting 14
Bootstrap[409]: Time 2.373933 seconds, bootstrap likelihood -19905.161649, best rearrangement setting 8
Bootstrap[410]: Time 2.439936 seconds, bootstrap likelihood -19671.001072, best rearrangement setting 12
Bootstrap[411]: Time 2.407172 seconds, bootstrap likelihood -21268.255892, best rearrangement setting 5
Bootstrap[412]: Time 2.409411 seconds, bootstrap likelihood -19778.046902, best rearrangement setting 12
Bootstrap[413]: Time 2.563384 seconds, bootstrap likelihood -20468.215429, best rearrangement setting 11
Bootstrap[414]: Time 2.345773 seconds, bootstrap likelihood -20664.672024, best rearrangement setting 8
Bootstrap[415]: Time 2.622911 seconds, bootstrap likelihood -20467.128729, best rearrangement setting 13
Fast ML search on Process 25: Time 16.671552 seconds

Slow ML Search 400 Likelihood: -20316.040889
Slow ML search on Process 25: Time 16.161375 seconds
Thorough ML search on Process 25: Time 19.322724 seconds

processID = 25, bestLH = -20316.040889

This is RAxML MPI Process Number: 27

Alignment has 11 completely undetermined sites that will be automatically removed from the input data


Time for BS model parameter optimization on Process 27: 1.843324 seconds
Bootstrap[432]: Time 6.003726 seconds, bootstrap likelihood -20095.787928, best rearrangement setting 9
Bootstrap[433]: Time 2.562531 seconds, bootstrap likelihood -20693.995045, best rearrangement setting 13
Bootstrap[434]: Time 2.572824 seconds, bootstrap likelihood -20468.529257, best rearrangement setting 15
Bootstrap[435]: Time 2.524555 seconds, bootstrap likelihood -19288.567573, best rearrangement setting 9
Bootstrap[436]: Time 2.467474 seconds, bootstrap likelihood -20458.161639, best rearrangement setting 9
Bootstrap[437]: Time 2.522993 seconds, bootstrap likelihood -20348.460547, best rearrangement setting 9
Bootstrap[438]: Time 2.450859 seconds, bootstrap likelihood -21543.340182, best rearrangement setting 6
Bootstrap[439]: Time 2.303999 seconds, bootstrap likelihood -20350.647873, best rearrangement setting 7
Bootstrap[440]: Time 2.388499 seconds, bootstrap likelihood -19688.006689, best rearrangement setting 6
Bootstrap[441]: Time 2.631088 seconds, bootstrap likelihood -20394.340962, best rearrangement setting 8
Bootstrap[442]: Time 2.328232 seconds, bootstrap likelihood -20650.438036, best rearrangement setting 6
Bootstrap[443]: Time 2.393978 seconds, bootstrap likelihood -19989.091982, best rearrangement setting 8
Bootstrap[444]: Time 2.241534 seconds, bootstrap likelihood -19713.007292, best rearrangement setting 14
Bootstrap[445]: Time 2.438598 seconds, bootstrap likelihood -19943.283778, best rearrangement setting 15
Bootstrap[446]: Time 2.412106 seconds, bootstrap likelihood -20268.955757, best rearrangement setting 14
Bootstrap[447]: Time 2.519448 seconds, bootstrap likelihood -21291.055601, best rearrangement setting 12
Fast ML search on Process 27: Time 20.649647 seconds

Slow ML Search 432 Likelihood: -20316.040912
Slow ML search on Process 27: Time 17.207515 seconds
Thorough ML search on Process 27: Time 19.160345 seconds

processID = 27, bestLH = -20316.040912

This is RAxML MPI Process Number: 29

Alignment has 11 completely undetermined sites that will be automatically removed from the input data


Time for BS model parameter optimization on Process 29: 1.860580 seconds
Bootstrap[464]: Time 5.923366 seconds, bootstrap likelihood -19727.362511, best rearrangement setting 6
Bootstrap[465]: Time 2.301905 seconds, bootstrap likelihood -19982.242291, best rearrangement setting 14
Bootstrap[466]: Time 2.258967 seconds, bootstrap likelihood -20685.749293, best rearrangement setting 6
Bootstrap[467]: Time 2.202677 seconds, bootstrap likelihood -19584.495748, best rearrangement setting 12
Bootstrap[468]: Time 2.361948 seconds, bootstrap likelihood -19893.569833, best rearrangement setting 13
Bootstrap[469]: Time 3.403918 seconds, bootstrap likelihood -21009.210160, best rearrangement setting 12
Bootstrap[470]: Time 2.505074 seconds, bootstrap likelihood -20589.515383, best rearrangement setting 14
Bootstrap[471]: Time 2.461147 seconds, bootstrap likelihood -20221.442338, best rearrangement setting 7
Bootstrap[472]: Time 2.264113 seconds, bootstrap likelihood -19478.664650, best rearrangement setting 10
Bootstrap[473]: Time 3.759049 seconds, bootstrap likelihood -20582.283076, best rearrangement setting 7
Bootstrap[474]: Time 2.412955 seconds, bootstrap likelihood -20350.314688, best rearrangement setting 12
Bootstrap[475]: Time 2.206336 seconds, bootstrap likelihood -20324.593752, best rearrangement setting 10
Bootstrap[476]: Time 2.316275 seconds, bootstrap likelihood -20729.510179, best rearrangement setting 6
Bootstrap[477]: Time 2.564233 seconds, bootstrap likelihood -20145.165507, best rearrangement setting 8
Bootstrap[478]: Time 2.253554 seconds, bootstrap likelihood -19848.569421, best rearrangement setting 9
Bootstrap[479]: Time 2.325231 seconds, bootstrap likelihood -20706.963919, best rearrangement setting 11
Fast ML search on Process 29: Time 17.587739 seconds

Slow ML Search 464 Likelihood: -20316.041158
Slow ML search on Process 29: Time 16.165738 seconds
Thorough ML search on Process 29: Time 19.221421 seconds

processID = 29, bestLH = -20316.041158

This is RAxML MPI Process Number: 10

Alignment has 11 completely undetermined sites that will be automatically removed from the input data


Time for BS model parameter optimization on Process 10: 1.884986 seconds
Bootstrap[160]: Time 5.962860 seconds, bootstrap likelihood -19432.046519, best rearrangement setting 10
Bootstrap[161]: Time 2.997277 seconds, bootstrap likelihood -20448.138753, best rearrangement setting 6
Bootstrap[162]: Time 2.187077 seconds, bootstrap likelihood -19511.532580, best rearrangement setting 11
Bootstrap[163]: Time 2.240349 seconds, bootstrap likelihood -20336.854322, best rearrangement setting 11
Bootstrap[164]: Time 2.336967 seconds, bootstrap likelihood -20835.178230, best rearrangement setting 6
Bootstrap[165]: Time 2.351995 seconds, bootstrap likelihood -20370.877258, best rearrangement setting 11
Bootstrap[166]: Time 3.317205 seconds, bootstrap likelihood -20128.084273, best rearrangement setting 14
Bootstrap[167]: Time 2.151360 seconds, bootstrap likelihood -20357.961295, best rearrangement setting 7
Bootstrap[168]: Time 2.084567 seconds, bootstrap likelihood -19815.267909, best rearrangement setting 11
Bootstrap[169]: Time 2.414218 seconds, bootstrap likelihood -20978.830313, best rearrangement setting 5
Bootstrap[170]: Time 3.934413 seconds, bootstrap likelihood -19729.005207, best rearrangement setting 13
Bootstrap[171]: Time 3.627167 seconds, bootstrap likelihood -19474.034697, best rearrangement setting 7
Bootstrap[172]: Time 2.211664 seconds, bootstrap likelihood -19959.628857, best rearrangement setting 10
Bootstrap[173]: Time 2.318579 seconds, bootstrap likelihood -20462.386117, best rearrangement setting 15
Bootstrap[174]: Time 4.219339 seconds, bootstrap likelihood -20028.420663, best rearrangement setting 8
Bootstrap[175]: Time 2.451204 seconds, bootstrap likelihood -20937.683284, best rearrangement setting 10
Fast ML search on Process 10: Time 12.594399 seconds

Slow ML Search 160 Likelihood: -20316.040813
Slow ML search on Process 10: Time 16.364588 seconds
Thorough ML search on Process 10: Time 19.030412 seconds

processID = 10, bestLH = -20316.040813

This is RAxML MPI Process Number: 13

Alignment has 11 completely undetermined sites that will be automatically removed from the input data


Time for BS model parameter optimization on Process 13: 1.675242 seconds
Bootstrap[208]: Time 5.995621 seconds, bootstrap likelihood -20726.686931, best rearrangement setting 6
Bootstrap[209]: Time 2.271918 seconds, bootstrap likelihood -20854.264541, best rearrangement setting 7
Bootstrap[210]: Time 2.151898 seconds, bootstrap likelihood -19774.203808, best rearrangement setting 13
Bootstrap[211]: Time 2.059881 seconds, bootstrap likelihood -21326.136186, best rearrangement setting 6
Bootstrap[212]: Time 2.405424 seconds, bootstrap likelihood -20267.539904, best rearrangement setting 6
Bootstrap[213]: Time 2.383759 seconds, bootstrap likelihood -19680.953986, best rearrangement setting 14
Bootstrap[214]: Time 2.279787 seconds, bootstrap likelihood -19621.416030, best rearrangement setting 15
Bootstrap[215]: Time 2.361057 seconds, bootstrap likelihood -19869.236588, best rearrangement setting 13
Bootstrap[216]: Time 2.170851 seconds, bootstrap likelihood -19668.919741, best rearrangement setting 5
Bootstrap[217]: Time 2.113744 seconds, bootstrap likelihood -19813.006911, best rearrangement setting 10
Bootstrap[218]: Time 2.395718 seconds, bootstrap likelihood -20013.111487, best rearrangement setting 11
Bootstrap[219]: Time 2.380444 seconds, bootstrap likelihood -19520.317154, best rearrangement setting 11
Bootstrap[220]: Time 2.361679 seconds, bootstrap likelihood -20727.816319, best rearrangement setting 8
Bootstrap[221]: Time 2.460205 seconds, bootstrap likelihood -20592.481588, best rearrangement setting 10
Bootstrap[222]: Time 2.423363 seconds, bootstrap likelihood -21032.371183, best rearrangement setting 6
Bootstrap[223]: Time 2.247694 seconds, bootstrap likelihood -20313.125485, best rearrangement setting 8
Fast ML search on Process 13: Time 20.228847 seconds

Slow ML Search 208 Likelihood: -20316.072215
Slow ML search on Process 13: Time 51.423445 seconds
Thorough ML search on Process 13: Time 18.929061 seconds

processID = 13, bestLH = -20316.040801

This is RAxML MPI Process Number: 14

Alignment has 11 completely undetermined sites that will be automatically removed from the input data


Time for BS model parameter optimization on Process 14: 1.883125 seconds
Bootstrap[224]: Time 4.716329 seconds, bootstrap likelihood -20301.561262, best rearrangement setting 5
Bootstrap[225]: Time 3.026594 seconds, bootstrap likelihood -19728.882783, best rearrangement setting 7
Bootstrap[226]: Time 2.180177 seconds, bootstrap likelihood -18668.021315, best rearrangement setting 14
Bootstrap[227]: Time 2.190523 seconds, bootstrap likelihood -20300.930374, best rearrangement setting 7
Bootstrap[228]: Time 2.426955 seconds, bootstrap likelihood -20372.932887, best rearrangement setting 13
Bootstrap[229]: Time 2.228255 seconds, bootstrap likelihood -19535.966848, best rearrangement setting 5
Bootstrap[230]: Time 2.399013 seconds, bootstrap likelihood -20545.427167, best rearrangement setting 8
Bootstrap[231]: Time 2.324424 seconds, bootstrap likelihood -19526.886319, best rearrangement setting 8
Bootstrap[232]: Time 2.387416 seconds, bootstrap likelihood -19721.304876, best rearrangement setting 7
Bootstrap[233]: Time 2.369096 seconds, bootstrap likelihood -19514.892605, best rearrangement setting 15
Bootstrap[234]: Time 3.232224 seconds, bootstrap likelihood -20219.243900, best rearrangement setting 14
Bootstrap[235]: Time 3.382566 seconds, bootstrap likelihood -20362.007147, best rearrangement setting 12
Bootstrap[236]: Time 2.384323 seconds, bootstrap likelihood -19681.419877, best rearrangement setting 15
Bootstrap[237]: Time 3.437469 seconds, bootstrap likelihood -19558.111022, best rearrangement setting 12
Bootstrap[238]: Time 2.525260 seconds, bootstrap likelihood -19977.748069, best rearrangement setting 9
Bootstrap[239]: Time 2.254723 seconds, bootstrap likelihood -19404.129796, best rearrangement setting 8
Fast ML search on Process 14: Time 20.036976 seconds

Slow ML Search 224 Likelihood: -20316.040723
Slow ML search on Process 14: Time 16.286278 seconds
Thorough ML search on Process 14: Time 19.112227 seconds

processID = 14, bestLH = -20316.040723

Final ML Optimization Likelihood: -20316.040723

Model Information:

Model Parameters of Partition 0, Name: 16s, Type of Data: DNA
alpha: 0.667136
Tree-Length: 9.913317
rate A <-> C: 0.957153
rate A <-> G: 3.270753
rate A <-> T: 1.978899
rate C <-> G: 0.994907
rate C <-> T: 5.154326
rate G <-> T: 1.000000

freq pi(A): 0.376307
freq pi(C): 0.122624
freq pi(G): 0.170877
freq pi(T): 0.330192

Model Parameters of Partition 1, Name: 18s, Type of Data: DNA
alpha: 0.068284
Tree-Length: 9.913317
rate A <-> C: 1.332283
rate A <-> G: 204.679489
rate A <-> T: 0.786025
rate C <-> G: 0.131849
rate C <-> T: 3.394371
rate G <-> T: 1.000000

freq pi(A): 0.272009
freq pi(C): 0.191994
freq pi(G): 0.258453
freq pi(T): 0.277544


ML search took 103.875932 secs or 0.028854 hours

Combined Bootstrap and ML search took 183.206527 secs or 0.050891 hours

Drawing Bootstrap Support Values on best-scoring ML tree ...



Found 1 tree in File /gpfs/scratch/cdunn/pugh_etal_2016/analyses/raxml/RAxML_bestTree.combined_stab82



Found 1 tree in File /gpfs/scratch/cdunn/pugh_etal_2016/analyses/raxml/RAxML_bestTree.combined_stab82

Program execution info written to /gpfs/scratch/cdunn/pugh_etal_2016/analyses/raxml/RAxML_info.combined_stab82
All 512 bootstrapped trees written to: /gpfs/scratch/cdunn/pugh_etal_2016/analyses/raxml/RAxML_bootstrap.combined_stab82

Best-scoring ML tree written to: /gpfs/scratch/cdunn/pugh_etal_2016/analyses/raxml/RAxML_bestTree.combined_stab82

Best-scoring ML tree with support values written to: /gpfs/scratch/cdunn/pugh_etal_2016/analyses/raxml/RAxML_bipartitions.combined_stab82

Best-scoring ML tree with support values as branch labels written to: /gpfs/scratch/cdunn/pugh_etal_2016/analyses/raxml/RAxML_bipartitionsBranchLabels.combined_stab82

Overall execution time for full ML analysis: 186.007972 secs or 0.051669 hours or 0.002153 days


This is RAxML MPI Process Number: 16

Alignment has 11 completely undetermined sites that will be automatically removed from the input data


Time for BS model parameter optimization on Process 16: 1.653594 seconds
Bootstrap[256]: Time 5.666676 seconds, bootstrap likelihood -21131.471013, best rearrangement setting 13
Bootstrap[257]: Time 2.524366 seconds, bootstrap likelihood -20199.243838, best rearrangement setting 8
Bootstrap[258]: Time 2.544924 seconds, bootstrap likelihood -20388.618543, best rearrangement setting 5
Bootstrap[259]: Time 2.558954 seconds, bootstrap likelihood -19951.174151, best rearrangement setting 11
Bootstrap[260]: Time 2.342411 seconds, bootstrap likelihood -20742.726371, best rearrangement setting 6
Bootstrap[261]: Time 2.626525 seconds, bootstrap likelihood -20844.678192, best rearrangement setting 7
Bootstrap[262]: Time 2.332176 seconds, bootstrap likelihood -19688.405434, best rearrangement setting 5
Bootstrap[263]: Time 2.393304 seconds, bootstrap likelihood -20198.443127, best rearrangement setting 9
Bootstrap[264]: Time 2.596934 seconds, bootstrap likelihood -20884.888195, best rearrangement setting 10
Bootstrap[265]: Time 2.519176 seconds, bootstrap likelihood -20704.554194, best rearrangement setting 15
Bootstrap[266]: Time 2.522053 seconds, bootstrap likelihood -20547.845267, best rearrangement setting 8
Bootstrap[267]: Time 2.472722 seconds, bootstrap likelihood -20247.664544, best rearrangement setting 15
Bootstrap[268]: Time 2.527785 seconds, bootstrap likelihood -19635.686724, best rearrangement setting 6
Bootstrap[269]: Time 2.559952 seconds, bootstrap likelihood -21019.744740, best rearrangement setting 5
Bootstrap[270]: Time 2.482050 seconds, bootstrap likelihood -19836.385500, best rearrangement setting 15
Bootstrap[271]: Time 2.439324 seconds, bootstrap likelihood -20433.442505, best rearrangement setting 6
Fast ML search on Process 16: Time 16.217669 seconds

Slow ML Search 256 Likelihood: -20316.040827
Slow ML search on Process 16: Time 15.673843 seconds
Thorough ML search on Process 16: Time 18.969224 seconds

processID = 16, bestLH = -20316.040827

This is RAxML MPI Process Number: 19

Alignment has 11 completely undetermined sites that will be automatically removed from the input data


Time for BS model parameter optimization on Process 19: 1.669612 seconds
Bootstrap[304]: Time 5.146989 seconds, bootstrap likelihood -20607.359012, best rearrangement setting 9
Bootstrap[305]: Time 2.547360 seconds, bootstrap likelihood -20462.706533, best rearrangement setting 9
Bootstrap[306]: Time 2.423911 seconds, bootstrap likelihood -20333.196905, best rearrangement setting 8
Bootstrap[307]: Time 2.498607 seconds, bootstrap likelihood -19706.151730, best rearrangement setting 5
Bootstrap[308]: Time 3.053371 seconds, bootstrap likelihood -19255.206606, best rearrangement setting 6
Bootstrap[309]: Time 2.403088 seconds, bootstrap likelihood -19556.839029, best rearrangement setting 11
Bootstrap[310]: Time 2.311459 seconds, bootstrap likelihood -20770.239446, best rearrangement setting 7
Bootstrap[311]: Time 2.505392 seconds, bootstrap likelihood -19816.551434, best rearrangement setting 15
Bootstrap[312]: Time 2.435504 seconds, bootstrap likelihood -20335.640168, best rearrangement setting 15
Bootstrap[313]: Time 2.709017 seconds, bootstrap likelihood -20493.204809, best rearrangement setting 9
Bootstrap[314]: Time 2.225107 seconds, bootstrap likelihood -20332.208313, best rearrangement setting 6
Bootstrap[315]: Time 2.467557 seconds, bootstrap likelihood -20653.047825, best rearrangement setting 8
Bootstrap[316]: Time 2.427872 seconds, bootstrap likelihood -20446.137492, best rearrangement setting 15
Bootstrap[317]: Time 2.511953 seconds, bootstrap likelihood -19718.435313, best rearrangement setting 10
Bootstrap[318]: Time 2.401767 seconds, bootstrap likelihood -20276.640012, best rearrangement setting 13
Bootstrap[319]: Time 2.422641 seconds, bootstrap likelihood -20342.973831, best rearrangement setting 5
Fast ML search on Process 19: Time 19.163717 seconds

Slow ML Search 304 Likelihood: -20316.040727
Slow ML search on Process 19: Time 15.820785 seconds
Thorough ML search on Process 19: Time 18.963428 seconds

processID = 19, bestLH = -20316.040727

This is RAxML MPI Process Number: 2

Alignment has 11 completely undetermined sites that will be automatically removed from the input data


Time for BS model parameter optimization on Process 2: 1.675807 seconds
Bootstrap[32]: Time 4.361126 seconds, bootstrap likelihood -19724.278592, best rearrangement setting 10
Bootstrap[33]: Time 2.309758 seconds, bootstrap likelihood -18971.260979, best rearrangement setting 13
Bootstrap[34]: Time 2.487776 seconds, bootstrap likelihood -20436.109812, best rearrangement setting 14
Bootstrap[35]: Time 2.357800 seconds, bootstrap likelihood -20063.086455, best rearrangement setting 8
Bootstrap[36]: Time 2.563921 seconds, bootstrap likelihood -20420.358672, best rearrangement setting 14
Bootstrap[37]: Time 2.568017 seconds, bootstrap likelihood -20005.282688, best rearrangement setting 12
Bootstrap[38]: Time 2.679670 seconds, bootstrap likelihood -20576.491305, best rearrangement setting 14
Bootstrap[39]: Time 2.325244 seconds, bootstrap likelihood -19616.331110, best rearrangement setting 15
Bootstrap[40]: Time 2.373060 seconds, bootstrap likelihood -20483.179317, best rearrangement setting 9
Bootstrap[41]: Time 2.428515 seconds, bootstrap likelihood -20728.164561, best rearrangement setting 6
Bootstrap[42]: Time 2.458559 seconds, bootstrap likelihood -20559.446162, best rearrangement setting 13
Bootstrap[43]: Time 2.407118 seconds, bootstrap likelihood -20801.937496, best rearrangement setting 7
Bootstrap[44]: Time 2.561047 seconds, bootstrap likelihood -20960.965660, best rearrangement setting 11
Bootstrap[45]: Time 2.476055 seconds, bootstrap likelihood -20201.808850, best rearrangement setting 10
Bootstrap[46]: Time 2.635020 seconds, bootstrap likelihood -20529.972899, best rearrangement setting 7
Bootstrap[47]: Time 2.777936 seconds, bootstrap likelihood -20328.065184, best rearrangement setting 14
Fast ML search on Process 2: Time 16.473045 seconds

Slow ML Search 32 Likelihood: -20316.040878
Slow ML search on Process 2: Time 16.484209 seconds
Thorough ML search on Process 2: Time 19.075685 seconds

processID = 2, bestLH = -20316.040878

This is RAxML MPI Process Number: 4

Alignment has 11 completely undetermined sites that will be automatically removed from the input data


Time for BS model parameter optimization on Process 4: 1.685795 seconds
Bootstrap[64]: Time 4.312506 seconds, bootstrap likelihood -19333.711349, best rearrangement setting 8
Bootstrap[65]: Time 2.273503 seconds, bootstrap likelihood -20393.281772, best rearrangement setting 14
Bootstrap[66]: Time 2.289783 seconds, bootstrap likelihood -19939.424957, best rearrangement setting 5
Bootstrap[67]: Time 2.163555 seconds, bootstrap likelihood -19944.038863, best rearrangement setting 11
Bootstrap[68]: Time 2.300316 seconds, bootstrap likelihood -21426.210618, best rearrangement setting 6
Bootstrap[69]: Time 2.446717 seconds, bootstrap likelihood -20217.657337, best rearrangement setting 15
Bootstrap[70]: Time 2.326373 seconds, bootstrap likelihood -19569.345969, best rearrangement setting 11
Bootstrap[71]: Time 2.126474 seconds, bootstrap likelihood -19872.679431, best rearrangement setting 5
Bootstrap[72]: Time 2.281285 seconds, bootstrap likelihood -19124.413550, best rearrangement setting 12
Bootstrap[73]: Time 2.286363 seconds, bootstrap likelihood -20541.954317, best rearrangement setting 6
Bootstrap[74]: Time 2.379689 seconds, bootstrap likelihood -20690.023490, best rearrangement setting 7
Bootstrap[75]: Time 2.241656 seconds, bootstrap likelihood -20208.632674, best rearrangement setting 10
Bootstrap[76]: Time 2.295367 seconds, bootstrap likelihood -20507.396980, best rearrangement setting 13
Bootstrap[77]: Time 2.444629 seconds, bootstrap likelihood -21499.623056, best rearrangement setting 14
Bootstrap[78]: Time 2.221674 seconds, bootstrap likelihood -19719.084572, best rearrangement setting 13
Bootstrap[79]: Time 2.349051 seconds, bootstrap likelihood -19535.894201, best rearrangement setting 13
Fast ML search on Process 4: Time 12.570411 seconds

Slow ML Search 64 Likelihood: -20316.003040
Slow ML search on Process 4: Time 19.465943 seconds
Thorough ML search on Process 4: Time 19.061350 seconds

processID = 4, bestLH = -20316.041075

This is RAxML MPI Process Number: 6

Alignment has 11 completely undetermined sites that will be automatically removed from the input data


Time for BS model parameter optimization on Process 6: 1.879149 seconds
Bootstrap[96]: Time 5.191120 seconds, bootstrap likelihood -20808.489253, best rearrangement setting 5
Bootstrap[97]: Time 2.417680 seconds, bootstrap likelihood -20494.514130, best rearrangement setting 15
Bootstrap[98]: Time 2.306570 seconds, bootstrap likelihood -20138.149194, best rearrangement setting 7
Bootstrap[99]: Time 2.265819 seconds, bootstrap likelihood -19510.375155, best rearrangement setting 15
Bootstrap[100]: Time 2.375011 seconds, bootstrap likelihood -19652.029429, best rearrangement setting 10
Bootstrap[101]: Time 2.415660 seconds, bootstrap likelihood -19898.598060, best rearrangement setting 6
Bootstrap[102]: Time 2.440528 seconds, bootstrap likelihood -20550.502320, best rearrangement setting 9
Bootstrap[103]: Time 2.273719 seconds, bootstrap likelihood -20175.117339, best rearrangement setting 5
Bootstrap[104]: Time 2.419109 seconds, bootstrap likelihood -19698.224280, best rearrangement setting 15
Bootstrap[105]: Time 2.362089 seconds, bootstrap likelihood -20369.852082, best rearrangement setting 6
Bootstrap[106]: Time 2.476665 seconds, bootstrap likelihood -20337.591823, best rearrangement setting 13
Bootstrap[107]: Time 2.160180 seconds, bootstrap likelihood -20060.235067, best rearrangement setting 13
Bootstrap[108]: Time 2.283504 seconds, bootstrap likelihood -20537.313158, best rearrangement setting 5
Bootstrap[109]: Time 2.237696 seconds, bootstrap likelihood -19623.025919, best rearrangement setting 7
Bootstrap[110]: Time 2.237236 seconds, bootstrap likelihood -19803.414509, best rearrangement setting 8
Bootstrap[111]: Time 2.281161 seconds, bootstrap likelihood -20445.671839, best rearrangement setting 12
Fast ML search on Process 6: Time 16.265268 seconds

Slow ML Search 96 Likelihood: -20316.019377
Slow ML search on Process 6: Time 20.047323 seconds
Thorough ML search on Process 6: Time 19.088776 seconds

processID = 6, bestLH = -20316.040867

This is RAxML MPI Process Number: 26

Alignment has 11 completely undetermined sites that will be automatically removed from the input data


Time for BS model parameter optimization on Process 26: 1.778940 seconds
Bootstrap[416]: Time 5.993349 seconds, bootstrap likelihood -20454.933194, best rearrangement setting 11
Bootstrap[417]: Time 2.532755 seconds, bootstrap likelihood -20641.606571, best rearrangement setting 12
Bootstrap[418]: Time 2.480135 seconds, bootstrap likelihood -19878.979605, best rearrangement setting 14
Bootstrap[419]: Time 2.582281 seconds, bootstrap likelihood -19654.443809, best rearrangement setting 7
Bootstrap[420]: Time 2.687617 seconds, bootstrap likelihood -20261.739696, best rearrangement setting 13
Bootstrap[421]: Time 2.407536 seconds, bootstrap likelihood -19951.142407, best rearrangement setting 8
Bootstrap[422]: Time 2.543887 seconds, bootstrap likelihood -20291.472916, best rearrangement setting 13
Bootstrap[423]: Time 2.526430 seconds, bootstrap likelihood -20373.787431, best rearrangement setting 12
Bootstrap[424]: Time 2.525818 seconds, bootstrap likelihood -20541.060805, best rearrangement setting 5
Bootstrap[425]: Time 2.793962 seconds, bootstrap likelihood -20580.486416, best rearrangement setting 13
Bootstrap[426]: Time 2.518065 seconds, bootstrap likelihood -20914.928192, best rearrangement setting 15
Bootstrap[427]: Time 2.288675 seconds, bootstrap likelihood -19562.737014, best rearrangement setting 6
Bootstrap[428]: Time 2.498508 seconds, bootstrap likelihood -19547.752077, best rearrangement setting 8
Bootstrap[429]: Time 2.419676 seconds, bootstrap likelihood -19272.997241, best rearrangement setting 13
Bootstrap[430]: Time 2.497665 seconds, bootstrap likelihood -20289.928891, best rearrangement setting 11
Bootstrap[431]: Time 2.346630 seconds, bootstrap likelihood -19773.198465, best rearrangement setting 12
Fast ML search on Process 26: Time 20.733664 seconds

Slow ML Search 416 Likelihood: -20316.040805
Slow ML search on Process 26: Time 17.123516 seconds
Thorough ML search on Process 26: Time 19.077574 seconds

processID = 26, bestLH = -20316.040805

This is RAxML MPI Process Number: 28

Alignment has 11 completely undetermined sites that will be automatically removed from the input data


Time for BS model parameter optimization on Process 28: 1.837022 seconds
Bootstrap[448]: Time 5.973386 seconds, bootstrap likelihood -20665.987880, best rearrangement setting 8
Bootstrap[449]: Time 2.626100 seconds, bootstrap likelihood -20431.294491, best rearrangement setting 13
Bootstrap[450]: Time 2.571400 seconds, bootstrap likelihood -20694.484919, best rearrangement setting 5
Bootstrap[451]: Time 2.649424 seconds, bootstrap likelihood -20171.215738, best rearrangement setting 11
Bootstrap[452]: Time 2.410508 seconds, bootstrap likelihood -20422.869102, best rearrangement setting 5
Bootstrap[453]: Time 2.667280 seconds, bootstrap likelihood -19626.773776, best rearrangement setting 10
Bootstrap[454]: Time 2.745123 seconds, bootstrap likelihood -20030.251656, best rearrangement setting 10
Bootstrap[455]: Time 2.447759 seconds, bootstrap likelihood -19995.976814, best rearrangement setting 13
Bootstrap[456]: Time 2.496154 seconds, bootstrap likelihood -20324.658451, best rearrangement setting 8
Bootstrap[457]: Time 2.512026 seconds, bootstrap likelihood -19574.529566, best rearrangement setting 13
Bootstrap[458]: Time 2.345907 seconds, bootstrap likelihood -21176.508801, best rearrangement setting 9
Bootstrap[459]: Time 2.524007 seconds, bootstrap likelihood -19963.161928, best rearrangement setting 9
Bootstrap[460]: Time 2.564978 seconds, bootstrap likelihood -20763.831084, best rearrangement setting 10
Bootstrap[461]: Time 2.814132 seconds, bootstrap likelihood -20838.254725, best rearrangement setting 6
Bootstrap[462]: Time 2.484348 seconds, bootstrap likelihood -20156.805174, best rearrangement setting 6
Bootstrap[463]: Time 2.813548 seconds, bootstrap likelihood -20479.833158, best rearrangement setting 11
Fast ML search on Process 28: Time 24.453236 seconds

Slow ML Search 448 Likelihood: -20316.040883
Slow ML search on Process 28: Time 16.351892 seconds
Thorough ML search on Process 28: Time 19.161651 seconds

processID = 28, bestLH = -20316.040883

This is RAxML MPI Process Number: 11

Alignment has 11 completely undetermined sites that will be automatically removed from the input data


Time for BS model parameter optimization on Process 11: 1.874942 seconds
Bootstrap[176]: Time 5.970701 seconds, bootstrap likelihood -19849.222952, best rearrangement setting 9
Bootstrap[177]: Time 2.997006 seconds, bootstrap likelihood -20873.922897, best rearrangement setting 6
Bootstrap[178]: Time 2.446586 seconds, bootstrap likelihood -20514.229603, best rearrangement setting 11
Bootstrap[179]: Time 2.240631 seconds, bootstrap likelihood -20553.690278, best rearrangement setting 13
Bootstrap[180]: Time 2.140105 seconds, bootstrap likelihood -19922.624941, best rearrangement setting 13
Bootstrap[181]: Time 2.203106 seconds, bootstrap likelihood -20010.283802, best rearrangement setting 12
Bootstrap[182]: Time 2.439994 seconds, bootstrap likelihood -20525.520449, best rearrangement setting 7
Bootstrap[183]: Time 2.065297 seconds, bootstrap likelihood -20298.983077, best rearrangement setting 13
Bootstrap[184]: Time 2.317537 seconds, bootstrap likelihood -20296.217073, best rearrangement setting 13
Bootstrap[185]: Time 2.267998 seconds, bootstrap likelihood -20053.010309, best rearrangement setting 10
Bootstrap[186]: Time 2.537174 seconds, bootstrap likelihood -20254.201758, best rearrangement setting 5
Bootstrap[187]: Time 2.233968 seconds, bootstrap likelihood -20351.126199, best rearrangement setting 8
Bootstrap[188]: Time 2.387000 seconds, bootstrap likelihood -19869.622385, best rearrangement setting 5
Bootstrap[189]: Time 2.361421 seconds, bootstrap likelihood -19987.351471, best rearrangement setting 6
Bootstrap[190]: Time 2.176602 seconds, bootstrap likelihood -20163.884943, best rearrangement setting 11
Bootstrap[191]: Time 2.246461 seconds, bootstrap likelihood -20580.312093, best rearrangement setting 9
Fast ML search on Process 11: Time 16.472750 seconds

Slow ML Search 176 Likelihood: -20316.040837
Slow ML search on Process 11: Time 16.477201 seconds
Thorough ML search on Process 11: Time 19.243711 seconds

processID = 11, bestLH = -20316.040837

This is RAxML MPI Process Number: 15

Alignment has 11 completely undetermined sites that will be automatically removed from the input data


Time for BS model parameter optimization on Process 15: 1.626370 seconds
Bootstrap[240]: Time 5.950130 seconds, bootstrap likelihood -20428.208042, best rearrangement setting 15
Bootstrap[241]: Time 2.997069 seconds, bootstrap likelihood -20828.850836, best rearrangement setting 8
Bootstrap[242]: Time 2.414891 seconds, bootstrap likelihood -20512.164352, best rearrangement setting 15
Bootstrap[243]: Time 2.364087 seconds, bootstrap likelihood -20414.574517, best rearrangement setting 9
Bootstrap[244]: Time 2.521663 seconds, bootstrap likelihood -20241.408897, best rearrangement setting 10
Bootstrap[245]: Time 2.627459 seconds, bootstrap likelihood -19887.607778, best rearrangement setting 6
Bootstrap[246]: Time 2.597974 seconds, bootstrap likelihood -20907.659409, best rearrangement setting 12
Bootstrap[247]: Time 2.606379 seconds, bootstrap likelihood -20781.986497, best rearrangement setting 14
Bootstrap[248]: Time 2.651011 seconds, bootstrap likelihood -21311.194500, best rearrangement setting 8
Bootstrap[249]: Time 2.581305 seconds, bootstrap likelihood -21073.692212, best rearrangement setting 10
Bootstrap[250]: Time 2.424784 seconds, bootstrap likelihood -20119.853046, best rearrangement setting 5
Bootstrap[251]: Time 2.597620 seconds, bootstrap likelihood -20188.418211, best rearrangement setting 14
Bootstrap[252]: Time 2.473421 seconds, bootstrap likelihood -19614.424635, best rearrangement setting 10
Bootstrap[253]: Time 2.489106 seconds, bootstrap likelihood -20774.636264, best rearrangement setting 14
Bootstrap[254]: Time 2.626331 seconds, bootstrap likelihood -20835.382487, best rearrangement setting 12
Bootstrap[255]: Time 2.507066 seconds, bootstrap likelihood -20349.096542, best rearrangement setting 7
Fast ML search on Process 15: Time 16.175748 seconds

Slow ML Search 240 Likelihood: -20316.040945
Slow ML search on Process 15: Time 15.766735 seconds
Thorough ML search on Process 15: Time 19.098175 seconds

processID = 15, bestLH = -20316.040945

This is RAxML MPI Process Number: 21

Alignment has 11 completely undetermined sites that will be automatically removed from the input data


Time for BS model parameter optimization on Process 21: 1.697589 seconds
Bootstrap[336]: Time 5.641178 seconds, bootstrap likelihood -19948.507312, best rearrangement setting 6
Bootstrap[337]: Time 2.342926 seconds, bootstrap likelihood -19775.460422, best rearrangement setting 10
Bootstrap[338]: Time 2.487189 seconds, bootstrap likelihood -20768.158555, best rearrangement setting 10
Bootstrap[339]: Time 2.510905 seconds, bootstrap likelihood -20025.455029, best rearrangement setting 9
Bootstrap[340]: Time 2.601489 seconds, bootstrap likelihood -20604.334227, best rearrangement setting 9
Bootstrap[341]: Time 2.550630 seconds, bootstrap likelihood -20443.405935, best rearrangement setting 13
Bootstrap[342]: Time 2.163546 seconds, bootstrap likelihood -20154.090103, best rearrangement setting 15
Bootstrap[343]: Time 2.311921 seconds, bootstrap likelihood -20940.285168, best rearrangement setting 5
Bootstrap[344]: Time 2.343037 seconds, bootstrap likelihood -20360.880616, best rearrangement setting 7
Bootstrap[345]: Time 2.475264 seconds, bootstrap likelihood -20547.956602, best rearrangement setting 9
Bootstrap[346]: Time 2.445159 seconds, bootstrap likelihood -20554.102337, best rearrangement setting 11
Bootstrap[347]: Time 2.576722 seconds, bootstrap likelihood -20472.995166, best rearrangement setting 11
Bootstrap[348]: Time 2.817679 seconds, bootstrap likelihood -20047.389633, best rearrangement setting 7
Bootstrap[349]: Time 2.524282 seconds, bootstrap likelihood -19984.393702, best rearrangement setting 14
Bootstrap[350]: Time 2.460916 seconds, bootstrap likelihood -19639.190063, best rearrangement setting 8
Bootstrap[351]: Time 2.593812 seconds, bootstrap likelihood -20346.687301, best rearrangement setting 15
Fast ML search on Process 21: Time 12.874120 seconds

Slow ML Search 336 Likelihood: -20316.042935
Slow ML search on Process 21: Time 20.101546 seconds
Thorough ML search on Process 21: Time 19.053590 seconds

processID = 21, bestLH = -20316.040739

This is RAxML MPI Process Number: 22

Alignment has 11 completely undetermined sites that will be automatically removed from the input data


Time for BS model parameter optimization on Process 22: 1.630985 seconds
Bootstrap[352]: Time 5.657355 seconds, bootstrap likelihood -20164.456613, best rearrangement setting 5
Bootstrap[353]: Time 2.323417 seconds, bootstrap likelihood -19935.454337, best rearrangement setting 11
Bootstrap[354]: Time 2.383848 seconds, bootstrap likelihood -20230.592008, best rearrangement setting 10
Bootstrap[355]: Time 2.286841 seconds, bootstrap likelihood -20560.530270, best rearrangement setting 11
Bootstrap[356]: Time 2.359136 seconds, bootstrap likelihood -20467.811309, best rearrangement setting 6
Bootstrap[357]: Time 2.318326 seconds, bootstrap likelihood -20308.716404, best rearrangement setting 14
Bootstrap[358]: Time 2.465137 seconds, bootstrap likelihood -20274.234958, best rearrangement setting 8
Bootstrap[359]: Time 2.290375 seconds, bootstrap likelihood -19811.617566, best rearrangement setting 11
Bootstrap[360]: Time 2.375927 seconds, bootstrap likelihood -19444.801840, best rearrangement setting 9
Bootstrap[361]: Time 2.358497 seconds, bootstrap likelihood -19689.944022, best rearrangement setting 14
Bootstrap[362]: Time 2.348105 seconds, bootstrap likelihood -20598.040729, best rearrangement setting 14
Bootstrap[363]: Time 2.199763 seconds, bootstrap likelihood -20472.873275, best rearrangement setting 12
Bootstrap[364]: Time 2.450367 seconds, bootstrap likelihood -20211.523319, best rearrangement setting 14
Bootstrap[365]: Time 2.174694 seconds, bootstrap likelihood -19837.382586, best rearrangement setting 5
Bootstrap[366]: Time 2.375011 seconds, bootstrap likelihood -20272.743056, best rearrangement setting 11
Bootstrap[367]: Time 2.345705 seconds, bootstrap likelihood -19896.419095, best rearrangement setting 14
Fast ML search on Process 22: Time 12.527626 seconds

Slow ML Search 352 Likelihood: -20316.041004
Slow ML search on Process 22: Time 16.438210 seconds
Thoro
This is RAxML MPI Process Number: 3

Alignment has 11 completely undetermined sites that will be automatically removed from the input data


Time for BS model parameter optimization on Process 3: 1.663836 seconds
Bootstrap[48]: Time 4.192283 seconds, bootstrap likelihood -19669.236692, best rearrangement setting 9
Bootstrap[49]: Time 2.420153 seconds, bootstrap likelihood -20398.582776, best rearrangement setting 14
Bootstrap[50]: Time 2.479932 seconds, bootstrap likelihood -20178.077861, best rearrangement setting 15
Bootstrap[51]: Time 2.396354 seconds, bootstrap likelihood -20752.370508, best rearrangement setting 10
Bootstrap[52]: Time 2.528907 seconds, bootstrap likelihood -20597.175320, best rearrangement setting 10
Bootstrap[53]: Time 2.600039 seconds, bootstrap likelihood -20322.251549, best rearrangement setting 13
Bootstrap[54]: Time 2.282085 seconds, bootstrap likelihood -20809.086407, best rearrangement setting 7
Bootstrap[55]: Time 2.502668 seconds, bootstrap likelihood -20693.060332, best rearrugh ML search on Process 22: Time 19.145425 seconds

processID = 22, bestLH = -20316.041004
angement setting 10
Bootstrap[56]: Time 2.560747 seconds, bootstrap likelihood -20926.546934, best rearrangement setting 10
Bootstrap[57]: Time 2.421028 seconds, bootstrap likelihood -20649.897704, best rearrangement setting 12
Bootstrap[58]: Time 2.438019 seconds, bootstrap likelihood -20717.465338, best rearrangement setting 5
Bootstrap[59]: Time 2.325600 seconds, bootstrap likelihood -20690.455823, best rearrangement setting 9
Bootstrap[60]: Time 2.474845 seconds, bootstrap likelihood -19999.573916, best rearrangement setting 7
Bootstrap[61]: Time 2.544909 seconds, bootstrap likelihood -19844.499949, best rearrangement setting 12
Bootstrap[62]: Time 2.558857 seconds, bootstrap likelihood -19323.341449, best rearrangement setting 10
Bootstrap[63]: Time 2.302125 seconds, bootstrap likelihood -19770.567181, best rearrangement setting 13
Fast ML search on Process 3: Time 12.527577 seconds

Slow ML Search 48 Likelihood: -20316.019350
Slow ML search on Process 3: Time 19.520225 seconds
Thorough ML search on Process 3: Time 18.995817 seconds

processID = 3, bestLH = -20316.040845

This is RAxML MPI Process Number: 1

Alignment has 11 completely undetermined sites that will be automatically removed from the input data


Time for BS model parameter optimization on Process 1: 1.702459 seconds
Bootstrap[16]: Time 4.232552 seconds, bootstrap likelihood -20232.106393, best rearrangement setting 12
Bootstrap[17]: Time 2.244015 seconds, bootstrap likelihood -19651.025767, best rearrangement setting 13
Bootstrap[18]: Time 2.545309 seconds, bootstrap likelihood -20425.153255, best rearrangement setting 13
Bootstrap[19]: Time 2.514917 seconds, bootstrap likelihood -20626.563178, best rearrangement setting 6
Bootstrap[20]: Time 2.217224 seconds, bootstrap likelihood -20097.938456, best rearrangement setting 7
Bootstrap[21]: Time 2.448177 seconds, bootstrap likelihood -20743.571575, best rearrangement setting 11
Bootstrap[22]: Time 2.104512 seconds, bootstrap likelihood -20172.922407, best rearrangement setting 10
Bootstrap[23]: Time 2.371171 seconds, bootstrap likelihood -19962.189594, best rearrangement setting 9
Bootstrap[24]: Time 2.349856 seconds, bootstrap likelihood -20399.917102, best rearrangement setting 7
Bootstrap[25]: Time 2.335803 seconds, bootstrap likelihood -20784.340259, best rearrangement setting 12
Bootstrap[26]: Time 2.286752 seconds, bootstrap likelihood -20214.568398, best rearrangement setting 10
Bootstrap[27]: Time 2.215108 seconds, bootstrap likelihood -20008.710469, best rearrangement setting 6
Bootstrap[28]: Time 2.208093 seconds, bootstrap likelihood -19982.561973, best rearrangement setting 15
Bootstrap[29]: Time 2.114887 seconds, bootstrap likelihood -19499.475053, best rearrangement setting 9
Bootstrap[30]: Time 2.345369 seconds, bootstrap likelihood -20600.649860, best rearrangement setting 15
Bootstrap[31]: Time 2.379084 seconds, bootstrap likelihood -19500.691624, best rearrangement setting 14
Fast ML search on Process 1: Time 20.216203 seconds

Slow ML Search 16 Likelihood: -20316.040786
Slow ML search on Process 1: Time 15.736079 seconds
Thorough ML search on Process 1: Time 18.817598 seconds

processID = 1, bestLH = -20316.040786

This is RAxML MPI Process Number: 5

Alignment has 11 completely undetermined sites that will be automatically removed from the input data


Time for BS model parameter optimization on Process 5: 1.674014 seconds
Bootstrap[80]: Time 4.301725 seconds, bootstrap likelihood -20039.463908, best rearrangement setting 6
Bootstrap[81]: Time 2.350474 seconds, bootstrap likelihood -19884.550593, best rearrangement setting 15
Bootstrap[82]: Time 2.132847 seconds, bootstrap likelihood -20080.556835, best rearrangement setting 6
Bootstrap[83]: Time 2.434012 seconds, bootstrap likelihood -19492.934858, best rearrangement setting 13
Bootstrap[84]: Time 2.398255 seconds, bootstrap likelihood -19751.508576, best rearrangement setting 14
Bootstrap[85]: Time 2.413486 seconds, bootstrap likelihood -20898.758582, best rearrangement setting 5
Bootstrap[86]: Time 2.157588 seconds, bootstrap likelihood -19626.369226, best rearrangement setting 5
Bootstrap[87]: Time 2.209237 seconds, bootstrap likelihood -20078.355003, best rearrangement setting 11
Bootstrap[88]: Time 2.214912 seconds, bootstrap likelihood -19639.815639, best rearrangement setting 14
Bootstrap[89]: Time 2.412713 seconds, bootstrap likelihood -20633.252630, best rearrangement setting 11
Bootstrap[90]: Time 2.442263 seconds, bootstrap likelihood -20462.145646, best rearrangement setting 10
Bootstrap[91]: Time 2.303375 seconds, bootstrap likelihood -20042.573796, best rearrangement setting 11
Bootstrap[92]: Time 2.146207 seconds, bootstrap likelihood -19748.888471, best rearrangement setting 9
Bootstrap[93]: Time 2.322833 seconds, bootstrap likelihood -19817.029147, best rearrangement setting 5
Bootstrap[94]: Time 2.549935 seconds, bootstrap likelihood -20413.837099, best rearrangement setting 5
Bootstrap[95]: Time 2.493993 seconds, bootstrap likelihood -19666.230832, best rearrangement setting 12
Fast ML search on Process 5: Time 16.492047 seconds

Slow ML Search 80 Likelihood: -20316.004349
Slow ML search on Process 5: Time 23.482738 seconds
Thorough ML search on Process 5: Time 18.547736 seconds

processID = 5, bestLH = -20316.040847

This is RAxML MPI Process Number: 7

Alignment has 11 completely undetermined sites that will be automatically removed from the input data


Time for BS model parameter optimization on Process 7: 1.880229 seconds
Bootstrap[112]: Time 5.145161 seconds, bootstrap likelihood -19628.002765, best rearrangement setting 15
Bootstrap[113]: Time 2.385966 seconds, bootstrap likelihood -19475.921841, best rearrangement setting 5
Bootstrap[114]: Time 2.335430 seconds, bootstrap likelihood -19851.123940, best rearrangement setting 8
Bootstrap[115]: Time 2.477638 seconds, bootstrap likelihood -21087.272991, best rearrangement setting 6
Bootstrap[116]: Time 2.574826 seconds, bootstrap likelihood -19703.121644, best rearrangement setting 6
Bootstrap[117]: Time 2.300310 seconds, bootstrap likelihood -19851.403798, best rearrangement setting 7
Bootstrap[118]: Time 2.517613 seconds, bootstrap likelihood -20735.625321, best rearrangement setting 13
Bootstrap[119]: Time 2.362854 seconds, bootstrap likelihood -20502.445326, best rearrangement setting 11
Bootstrap[120]: Time 2.346978 seconds, bootstrap likelihood -19821.789099, best rearrangement setting 6
Bootstrap[121]: Time 2.498068 seconds, bootstrap likelihood -20863.304676, best rearrangement setting 11
Bootstrap[122]: Time 2.428498 seconds, bootstrap likelihood -19602.673238, best rearrangement setting 5
Bootstrap[123]: Time 2.247197 seconds, bootstrap likelihood -19930.894592, best rearrangement setting 14
Bootstrap[124]: Time 2.384422 seconds, bootstrap likelihood -21078.897861, best rearrangement setting 12
Bootstrap[125]: Time 2.503525 seconds, bootstrap likelihood -19947.200643, best rearrangement setting 9
Bootstrap[126]: Time 2.507805 seconds, bootstrap likelihood -20125.839786, best rearrangement setting 11
Bootstrap[127]: Time 2.342931 seconds, bootstrap likelihood -20165.154422, best rearrangement setting 11
Fast ML search on Process 7: Time 16.276107 seconds

Slow ML Search 112 Likelihood: -20316.038720
Slow ML search on Process 7: Time 20.044906 seconds
Thorough ML search on Process 7: Time 19.144136 seconds

processID = 7, bestLH = -20316.040802

This is RAxML MPI Process Number: 9

Alignment has 11 completely undetermined sites that will be automatically removed from the input data


Time for BS model parameter optimization on Process 9: 1.663647 seconds
Bootstrap[144]: Time 6.070315 seconds, bootstrap likelihood -20195.179392, best rearrangement setting 12
Bootstrap[145]: Time 2.997320 seconds, bootstrap likelihood -20711.608310, best rearrangement setting 5
Bootstrap[146]: Time 2.334748 seconds, bootstrap likelihood -20287.134202, best rearrangement setting 10
Bootstrap[147]: Time 2.566314 seconds, bootstrap likelihood -20303.160167, best rearrangement setting 9
Bootstrap[148]: Time 2.654451 seconds, bootstrap likelihood -19899.325329, best rearrangement setting 10
Bootstrap[149]: Time 2.951897 seconds, bootstrap likelihood -19965.960358, best rearrangement setting 10
Bootstrap[150]: Time 2.307842 seconds, bootstrap likelihood -20759.962923, best rearrangement setting 10
Bootstrap[151]: Time 2.309454 seconds, bootstrap likelihood -19697.494898, best rearrangement setting 12
Bootstrap[152]: Time 2.385179 seconds, bootstrap likelihood -19380.055838, best rearrangement setting 9
Bootstrap[153]: Time 2.611828 seconds, bootstrap likelihood -21120.638035, best rearrangement setting 11
Bootstrap[154]: Time 2.532656 seconds, bootstrap likelihood -20340.942183, best rearrangement setting 11
Bootstrap[155]: Time 2.487521 seconds, bootstrap likelihood -20171.354107, best rearrangement setting 6
Bootstrap[156]: Time 2.488040 seconds, bootstrap likelihood -19629.062989, best rearrangement setting 14
Bootstrap[157]: Time 2.256312 seconds, bootstrap likelihood -20472.418047, best rearrangement setting 13
Bootstrap[158]: Time 2.588285 seconds, bootstrap likelihood -20007.928388, best rearrangement setting 6
Bootstrap[159]: Time 2.414342 seconds, bootstrap likelihood -20413.032619, best rearrangement setting 10
Fast ML search on Process 9: Time 16.297506 seconds

Slow ML Search 144 Likelihood: -20316.040834
Slow ML search on Process 9: Time 15.706742 seconds
Thorough ML search on Process 9: Time 19.055005 seconds

processID = 9, bestLH = -20316.040834

This is RAxML MPI Process Number: 24

Alignment has 11 completely undetermined sites that will be automatically removed from the input data


Time for BS model parameter optimization on Process 24: 1.830092 seconds
Bootstrap[384]: Time 5.944808 seconds, bootstrap likelihood -20545.238792, best rearrangement setting 13
Bootstrap[385]: Time 2.606928 seconds, bootstrap likelihood -20740.342492, best rearrangement setting 12
Bootstrap[386]: Time 2.504759 seconds, bootstrap likelihood -20024.917774, best rearrangement setting 12
Bootstrap[387]: Time 2.552570 seconds, bootstrap likelihood -20980.433543, best rearrangement setting 14
Bootstrap[388]: Time 2.723541 seconds, bootstrap likelihood -20336.546813, best rearrangement setting 9
Bootstrap[389]: Time 2.524240 seconds, bootstrap likelihood -20475.242130, best rearrangement setting 6
Bootstrap[390]: Time 2.442609 seconds, bootstrap likelihood -20454.192874, best rearrangement setting 5
Bootstrap[391]: Time 2.437555 seconds, bootstrap likelihood -20089.277413, best rearrangement setting 11
Bootstrap[392]: Time 2.556895 seconds, bootstrap likelihood -20390.984421, best rearrangement setting 12
Bootstrap[393]: Time 2.423743 seconds, bootstrap likelihood -20881.064762, best rearrangement setting 14
Bootstrap[394]: Time 2.415016 seconds, bootstrap likelihood -20240.011577, best rearrangement setting 9
Bootstrap[395]: Time 2.624519 seconds, bootstrap likelihood -20080.776216, best rearrangement setting 15
Bootstrap[396]: Time 2.377014 seconds, bootstrap likelihood -19744.062348, best rearrangement setting 5
Bootstrap[397]: Time 2.348277 seconds, bootstrap likelihood -21280.367522, best rearrangement setting 9
Bootstrap[398]: Time 2.499686 seconds, bootstrap likelihood -20151.195043, best rearrangement setting 6
Bootstrap[399]: Time 2.579246 seconds, bootstrap likelihood -20402.022295, best rearrangement setting 13
Fast ML search on Process 24: Time 20.957636 seconds

Slow ML Search 384 Likelihood: -20316.002131
Slow ML search on Process 24: Time 23.830167 seconds
Thorough ML search on Process 24: Time 19.139041 seconds

processID = 24, bestLH = -20316.040945

This is RAxML MPI Process Number: 23

Alignment has 11 completely undetermined sites that will be automatically removed from the input data


Time for BS model parameter optimization on Process 23: 1.643943 seconds
Bootstrap[368]: Time 5.146772 seconds, bootstrap likelihood -20297.216135, best rearrangement setting 15
Bootstrap[369]: Time 2.506177 seconds, bootstrap likelihood -20131.508463, best rearrangement setting 11
Bootstrap[370]: Time 2.532794 seconds, bootstrap likelihood -20990.719509, best rearrangement setting 11
Bootstrap[371]: Time 2.369694 seconds, bootstrap likelihood -20327.941222, best rearrangement setting 13
Bootstrap[372]: Time 2.427971 seconds, bootstrap likelihood -20674.767941, best rearrangement setting 13
Bootstrap[373]: Time 2.450925 seconds, bootstrap likelihood -20544.774203, best rearrangement setting 15
Bootstrap[374]: Time 2.463716 seconds, bootstrap likelihood -20362.068307, best rearrangement setting 12
Bootstrap[375]: Time 2.545754 seconds, bootstrap likelihood -21112.811125, best rearrangement setting 5
Bootstrap[376]: Time 2.377973 seconds, bootstrap likelihood -19543.771015, best rearrangement setting 11
Bootstrap[377]: Time 2.504783 seconds, bootstrap likelihood -20399.952780, best rearrangement setting 8
Bootstrap[378]: Time 2.789225 seconds, bootstrap likelihood -20445.227273, best rearrangement setting 6
Bootstrap[379]: Time 2.557847 seconds, bootstrap likelihood -20311.419372, best rearrangement setting 13
Bootstrap[380]: Time 2.437226 seconds, bootstrap likelihood -20221.945381, best rearrangement setting 9
Bootstrap[381]: Time 2.477456 seconds, bootstrap likelihood -19848.305181, best rearrangement setting 7
Bootstrap[382]: Time 2.481705 seconds, bootstrap likelihood -20745.707686, best rearrangement setting 14
Bootstrap[383]: Time 2.543533 seconds, bootstrap likelihood -20623.315249, best rearrangement setting 14
Fast ML search on Process 23: Time 23.748902 seconds

Slow ML Search 368 Likelihood: -20316.040823
Slow ML search on Process 23: Time 15.811730 seconds
Thorough ML search on Process 23: Time 19.222562 seconds

processID = 23, bestLH = -20316.040823

This is RAxML MPI Process Number: 31

Alignment has 11 completely undetermined sites that will be automatically removed from the input data


Time for BS model parameter optimization on Process 31: 1.861480 seconds
Bootstrap[496]: Time 5.921443 seconds, bootstrap likelihood -20434.047647, best rearrangement setting 15
Bootstrap[497]: Time 2.524202 seconds, bootstrap likelihood -20000.618492, best rearrangement setting 14
Bootstrap[498]: Time 2.351939 seconds, bootstrap likelihood -20450.007018, best rearrangement setting 8
Bootstrap[499]: Time 2.471890 seconds, bootstrap likelihood -20406.359418, best rearrangement setting 5
Bootstrap[500]: Time 2.581210 seconds, bootstrap likelihood -20234.490412, best rearrangement setting 5
Bootstrap[501]: Time 2.448481 seconds, bootstrap likelihood -21313.003464, best rearrangement setting 14
Bootstrap[502]: Time 2.425464 seconds, bootstrap likelihood -20284.531328, best rearrangement setting 11
Bootstrap[503]: Time 2.317103 seconds, bootstrap likelihood -20287.195526, best rearrangement setting 8
Bootstrap[504]: Time 2.532251 seconds, bootstrap likelihood -20526.688729, best rearrangement setting 13
Bootstrap[505]: Time 2.456963 seconds, bootstrap likelihood -19872.839827, best rearrangement setting 7
Bootstrap[506]: Time 2.436859 seconds, bootstrap likelihood -20207.515694, best rearrangement setting 7
Bootstrap[507]: Time 2.468101 seconds, bootstrap likelihood -20903.855369, best rearrangement setting 13
Bootstrap[508]: Time 2.654559 seconds, bootstrap likelihood -20283.650598, best rearrangement setting 8
Bootstrap[509]: Time 2.570203 seconds, bootstrap likelihood -20921.926051, best rearrangement setting 12
Bootstrap[510]: Time 2.475182 seconds, bootstrap likelihood -20109.918700, best rearrangement setting 15
Bootstrap[511]: Time 2.505671 seconds, bootstrap likelihood -21008.252536, best rearrangement setting 10
Fast ML search on Process 31: Time 20.592569 seconds

Slow ML Search 496 Likelihood: -20316.040923
Slow ML search on Process 31: Time 17.235276 seconds
Thorough ML search on Process 31: Time 19.294418 seconds

processID = 31, bestLH = -20316.040923
ement setting 10
Bootstrap[5]: Time 2.441664 seconds, bootstrap likelihood -20507.692863, best rearrangement setting 10
Bootstrap[6]: Time 2.494963 seconds, bootstrap likelihood -20053.606962, best rearrangement setting 6
Bootstrap[7]: Time 2.420818 seconds, bootstrap likelihood -20404.439004, best rearrangement setting 14
Bootstrap[8]: Time 2.399979 seconds, bootstrap likelihood -19238.155789, best rearrangement setting 5
Bootstrap[9]: Time 2.449205 seconds, bootstrap likelihood -20431.803412, best rearrangement setting 7
Bootstrap[10]: Time 2.457264 seconds, bootstrap likelihood -19956.721988, best rearrangement setting 7
Bootstrap[11]: Time 2.409822 seconds, bootstrap likelihood -19769.703689, best rearrangement setting 5
Bootstrap[12]: Time 2.331432 seconds, bootstrap likelihood -20086.279787, best rearrangement setting 8
Bootstrap[13]: Time 2.370613 seconds, bootstrap likelihood -19786.911808, best rearrangement setting 7
Bootstrap[14]: Time 2.526869 seconds, bootstrap likelihood -20292.987052, best rearrangement setting 12
Bootstrap[15]: Time 2.556313 seconds, bootstrap likelihood -20769.732103, best rearrangement setting 15


Overall Time for 512 Rapid Bootstraps 79.443827 seconds
Average Time per Rapid Bootstrap 0.155164 seconds

Starting ML Search ...

Fast ML optimization finished

Fast ML search on Process 0: Time 20.472643 seconds

Slow ML Search 0 Likelihood: -20316.038832
Slow ML optimization finished

Slow ML search on Process 0: Time 19.443026 seconds
Thorough ML search on Process 0: Time 18.555984 seconds

processID = 0, bestLH = -20316.040917
